<?xml version="1.0" encoding="UTF-8"?>
<!-- Generated by org.testng.reporters.JUnitReportReporter -->
<testsuite hostname="LAPTOP-EKI91KAJ" failures="0" tests="1" name="testCases.TC001_AccountRegistrationTest" time="3.098" errors="0" timestamp="2024-10-07T11:51:32 IST" skipped="0">
  <testcase classname="testCases.TC001_AccountRegistrationTest" name="verify_Account_Registration" time="3.098"/>
</testsuite> <!-- testCases.TC001_AccountRegistrationTest -->
