<?xml version="1.0" encoding="UTF-8"?>
<!-- Generated by org.testng.reporters.JUnitReportReporter -->
<testsuite hostname="LAPTOP-EKI91KAJ" failures="0" tests="1" name="testCases.TC_002_LoginTest" time="1.357" errors="0" timestamp="2024-09-25T15:11:29 IST" skipped="0">
  <testcase classname="testCases.TC_002_LoginTest" name="Verify_Login" time="1.357"/>
</testsuite> <!-- testCases.TC_002_LoginTest -->
