<?xml version="1.0" encoding="UTF-8"?>
<!-- Generated by org.testng.reporters.JUnitReportReporter -->
<testsuite hostname="LAPTOP-EKI91KAJ" failures="0" tests="4" name="testCases.TC_003_LoginDDT" time="96.654" errors="0" timestamp="2024-09-23T14:54:49 IST" skipped="0">
  <testcase classname="testCases.TC_003_LoginDDT" name="Verify_LoginDDT" time="31.527"/>
  <testcase classname="testCases.TC_003_LoginDDT" name="Verify_LoginDDT" time="31.411"/>
  <testcase classname="testCases.TC_003_LoginDDT" name="Verify_LoginDDT" time="31.568"/>
  <testcase classname="testCases.TC_003_LoginDDT" name="Verify_LoginDDT" time="2.148"/>
</testsuite> <!-- testCases.TC_003_LoginDDT -->
